{"/home/aquino/www/top-treino/src/modules/profiles/infra/typeorm/entities/Profiles.entities.ts": {"path":"/home/aquino/www/top-treino/src/modules/profiles/infra/typeorm/entities/Profiles.entities.ts","statementMap":{"0":{"start":{"line":1,"column":0},"end":{"line":1,"column":null}},"1":{"start":{"line":4,"column":0},"end":{"line":4,"column":65}},"2":{"start":{"line":7,"column":0},"end":{"line":7,"column":null}},"3":{"start":{"line":7,"column":30},"end":{"line":7,"column":37}},"4":{"start":{"line":9,"column":6},"end":{"line":9,"column":null}},"5":{"start":{"line":12,"column":6},"end":{"line":12,"column":null}},"6":{"start":{"line":15,"column":6},"end":{"line":15,"column":null}},"7":{"start":{"line":18,"column":6},"end":{"line":18,"column":null}},"8":{"start":{"line":7,"column":13},"end":{"line":19,"column":null}},"9":{"start":{"line":19,"column":0},"end":{"line":19,"column":null}},"10":{"start":{"line":7,"column":13},"end":{"line":7,"column":21}}},"fnMap":{"0":{"name":"(anonymous_8)","decl":{"start":{"line":7,"column":0},"end":{"line":7,"column":13}},"loc":{"start":{"line":7,"column":0},"end":{"line":7,"column":13}}}},"branchMap":{},"s":{"0":5,"1":5,"2":5,"3":5,"4":5,"5":5,"6":5,"7":5,"8":5,"9":5,"10":5},"f":{"0":11},"b":{}}
,"/home/aquino/www/top-treino/src/modules/profiles/repositories/fakes/FakesProfilesRepository.ts": {"path":"/home/aquino/www/top-treino/src/modules/profiles/repositories/fakes/FakesProfilesRepository.ts","statementMap":{"0":{"start":{"line":2,"column":0},"end":{"line":2,"column":34}},"1":{"start":{"line":3,"column":0},"end":{"line":3,"column":86}},"2":{"start":{"line":6,"column":0},"end":{"line":6,"column":null}},"3":{"start":{"line":7,"column":12},"end":{"line":7,"column":38}},"4":{"start":{"line":9,"column":17},"end":{"line":17,"column":null}},"5":{"start":{"line":9,"column":30},"end":{"line":9,"column":46}},"6":{"start":{"line":10,"column":12},"end":{"line":10,"column":46}},"7":{"start":{"line":12,"column":6},"end":{"line":12,"column":60}},"8":{"start":{"line":14,"column":6},"end":{"line":14,"column":43}},"9":{"start":{"line":16,"column":6},"end":{"line":16,"column":30}},"10":{"start":{"line":19,"column":17},"end":{"line":21,"column":null}},"11":{"start":{"line":20,"column":6},"end":{"line":20,"column":27}},"12":{"start":{"line":23,"column":17},"end":{"line":26,"column":null}},"13":{"start":{"line":24,"column":12},"end":{"line":24,"column":81}},"14":{"start":{"line":24,"column":62},"end":{"line":24,"column":80}},"15":{"start":{"line":25,"column":6},"end":{"line":25,"column":29}},"16":{"start":{"line":28,"column":17},"end":{"line":31,"column":null}},"17":{"start":{"line":29,"column":12},"end":{"line":29,"column":89}},"18":{"start":{"line":29,"column":66},"end":{"line":29,"column":88}},"19":{"start":{"line":30,"column":6},"end":{"line":30,"column":31}},"20":{"start":{"line":33,"column":17},"end":{"line":39,"column":null}},"21":{"start":{"line":34,"column":12},"end":{"line":34,"column":96}},"22":{"start":{"line":34,"column":65},"end":{"line":34,"column":95}},"23":{"start":{"line":36,"column":6},"end":{"line":36,"column":41}},"24":{"start":{"line":38,"column":6},"end":{"line":38,"column":21}},"25":{"start":{"line":40,"column":0},"end":{"line":40,"column":null}}},"fnMap":{"0":{"name":"(anonymous_13)","decl":{"start":{"line":6,"column":0},"end":{"line":6,"column":null}},"loc":{"start":{"line":6,"column":0},"end":{"line":40,"column":null}}},"1":{"name":"(anonymous_15)","decl":{"start":{"line":9,"column":4},"end":{"line":9,"column":17}},"loc":{"start":{"line":9,"column":46},"end":{"line":17,"column":null}}},"2":{"name":"(anonymous_18)","decl":{"start":{"line":19,"column":4},"end":{"line":19,"column":17}},"loc":{"start":{"line":19,"column":4},"end":{"line":21,"column":null}}},"3":{"name":"(anonymous_21)","decl":{"start":{"line":23,"column":4},"end":{"line":23,"column":17}},"loc":{"start":{"line":23,"column":36},"end":{"line":26,"column":null}}},"4":{"name":"(anonymous_24)","decl":{"start":{"line":24,"column":49},"end":{"line":24,"column":50}},"loc":{"start":{"line":24,"column":57},"end":{"line":24,"column":69}}},"5":{"name":"(anonymous_25)","decl":{"start":{"line":28,"column":4},"end":{"line":28,"column":17}},"loc":{"start":{"line":28,"column":40},"end":{"line":31,"column":null}}},"6":{"name":"(anonymous_28)","decl":{"start":{"line":29,"column":53},"end":{"line":29,"column":54}},"loc":{"start":{"line":29,"column":61},"end":{"line":29,"column":73}}},"7":{"name":"(anonymous_29)","decl":{"start":{"line":33,"column":4},"end":{"line":33,"column":17}},"loc":{"start":{"line":33,"column":39},"end":{"line":39,"column":null}}},"8":{"name":"(anonymous_32)","decl":{"start":{"line":34,"column":48},"end":{"line":34,"column":49}},"loc":{"start":{"line":34,"column":60},"end":{"line":34,"column":76}}}},"branchMap":{},"s":{"0":5,"1":5,"2":5,"3":9,"4":5,"5":6,"6":6,"7":6,"8":6,"9":6,"10":5,"11":2,"12":5,"13":4,"14":2,"15":4,"16":5,"17":2,"18":1,"19":2,"20":5,"21":1,"22":1,"23":1,"24":1,"25":5},"f":{"0":14,"1":6,"2":2,"3":4,"4":2,"5":2,"6":1,"7":1,"8":1},"b":{}}
,"/home/aquino/www/top-treino/src/modules/profiles/services/CreateProfilesService.ts": {"path":"/home/aquino/www/top-treino/src/modules/profiles/services/CreateProfilesService.ts","statementMap":{"0":{"start":{"line":2,"column":0},"end":{"line":2,"column":46}},"1":{"start":{"line":11,"column":0},"end":{"line":11,"column":21}},"2":{"start":{"line":14,"column":16},"end":{"line":14,"column":55}},"3":{"start":{"line":17,"column":15},"end":{"line":23,"column":null}},"4":{"start":{"line":17,"column":29},"end":{"line":17,"column":41}},"5":{"start":{"line":18,"column":20},"end":{"line":20,"column":null}},"6":{"start":{"line":18,"column":10},"end":{"line":20,"column":null}},"7":{"start":{"line":22,"column":4},"end":{"line":22,"column":19}},"8":{"start":{"line":11,"column":21},"end":{"line":24,"column":null}},"9":{"start":{"line":24,"column":0},"end":{"line":24,"column":null}},"10":{"start":{"line":11,"column":21},"end":{"line":11,"column":null}}},"fnMap":{"0":{"name":"(anonymous_17)","decl":{"start":{"line":11,"column":0},"end":{"line":11,"column":21}},"loc":{"start":{"line":11,"column":0},"end":{"line":11,"column":21}}},"1":{"name":"CreateProfilesService","decl":{"start":{"line":12,"column":2},"end":{"line":12,"column":null}},"loc":{"start":{"line":14,"column":55},"end":{"line":15,"column":6}}},"2":{"name":"(anonymous_19)","decl":{"start":{"line":17,"column":2},"end":{"line":17,"column":15}},"loc":{"start":{"line":17,"column":41},"end":{"line":23,"column":null}}}},"branchMap":{"0":{"loc":{"start":{"line":18,"column":20},"end":{"line":20,"column":null}},"type":"switch","locations":[{"start":{"line":18,"column":20},"end":{"line":20,"column":null}}]}},"s":{"0":2,"1":2,"2":2,"3":2,"4":2,"5":2,"6":2,"7":2,"8":2,"9":2,"10":2},"f":{"0":2,"1":2,"2":2},"b":{"0":[2]}}
,"/home/aquino/www/top-treino/src/modules/profiles/services/DeleteProfilesService.ts": {"path":"/home/aquino/www/top-treino/src/modules/profiles/services/DeleteProfilesService.ts","statementMap":{"0":{"start":{"line":2,"column":0},"end":{"line":2,"column":46}},"1":{"start":{"line":12,"column":0},"end":{"line":12,"column":21}},"2":{"start":{"line":15,"column":16},"end":{"line":15,"column":55}},"3":{"start":{"line":18,"column":15},"end":{"line":31,"column":null}},"4":{"start":{"line":18,"column":27},"end":{"line":18,"column":39}},"5":{"start":{"line":19,"column":20},"end":{"line":19,"column":null}},"6":{"start":{"line":19,"column":10},"end":{"line":19,"column":null}},"7":{"start":{"line":21,"column":4},"end":{"line":23,"column":null}},"8":{"start":{"line":22,"column":6},"end":{"line":22,"column":62}},"9":{"start":{"line":25,"column":4},"end":{"line":25,"column":20}},"10":{"start":{"line":26,"column":4},"end":{"line":26,"column":30}},"11":{"start":{"line":28,"column":4},"end":{"line":28,"column":48}},"12":{"start":{"line":30,"column":4},"end":{"line":30,"column":19}},"13":{"start":{"line":12,"column":21},"end":{"line":32,"column":null}},"14":{"start":{"line":32,"column":0},"end":{"line":32,"column":null}},"15":{"start":{"line":12,"column":21},"end":{"line":12,"column":null}}},"fnMap":{"0":{"name":"(anonymous_17)","decl":{"start":{"line":12,"column":0},"end":{"line":12,"column":21}},"loc":{"start":{"line":12,"column":0},"end":{"line":12,"column":21}}},"1":{"name":"DeleteProfilesService","decl":{"start":{"line":13,"column":2},"end":{"line":13,"column":null}},"loc":{"start":{"line":15,"column":55},"end":{"line":16,"column":6}}},"2":{"name":"(anonymous_19)","decl":{"start":{"line":18,"column":2},"end":{"line":18,"column":15}},"loc":{"start":{"line":18,"column":39},"end":{"line":31,"column":null}}}},"branchMap":{"0":{"loc":{"start":{"line":19,"column":20},"end":{"line":19,"column":null}},"type":"switch","locations":[{"start":{"line":19,"column":20},"end":{"line":19,"column":null}}]},"1":{"loc":{"start":{"line":21,"column":4},"end":{"line":23,"column":null}},"type":"if","locations":[{"start":{"line":21,"column":4},"end":{"line":23,"column":null}},{"start":{"line":21,"column":4},"end":{"line":23,"column":null}}]}},"s":{"0":1,"1":1,"2":2,"3":1,"4":2,"5":2,"6":2,"7":2,"8":1,"9":1,"10":1,"11":2,"12":1,"13":1,"14":1,"15":1},"f":{"0":1,"1":2,"2":2},"b":{"0":[2],"1":[1,1]}}
,"/home/aquino/www/top-treino/src/modules/profiles/services/FindOneProfileByIdService.ts": {"path":"/home/aquino/www/top-treino/src/modules/profiles/services/FindOneProfileByIdService.ts","statementMap":{"0":{"start":{"line":1,"column":0},"end":{"line":1,"column":46}},"1":{"start":{"line":6,"column":0},"end":{"line":6,"column":21}},"2":{"start":{"line":9,"column":16},"end":{"line":9,"column":55}},"3":{"start":{"line":12,"column":15},"end":{"line":20,"column":null}},"4":{"start":{"line":13,"column":31},"end":{"line":13,"column":null}},"5":{"start":{"line":13,"column":10},"end":{"line":13,"column":null}},"6":{"start":{"line":15,"column":4},"end":{"line":17,"column":null}},"7":{"start":{"line":16,"column":6},"end":{"line":16,"column":73}},"8":{"start":{"line":19,"column":4},"end":{"line":19,"column":30}},"9":{"start":{"line":6,"column":21},"end":{"line":21,"column":null}},"10":{"start":{"line":21,"column":0},"end":{"line":21,"column":null}},"11":{"start":{"line":6,"column":21},"end":{"line":6,"column":null}}},"fnMap":{"0":{"name":"(anonymous_17)","decl":{"start":{"line":6,"column":0},"end":{"line":6,"column":21}},"loc":{"start":{"line":6,"column":0},"end":{"line":6,"column":21}}},"1":{"name":"FindOneProfileByIdService","decl":{"start":{"line":7,"column":2},"end":{"line":7,"column":null}},"loc":{"start":{"line":9,"column":55},"end":{"line":10,"column":6}}},"2":{"name":"(anonymous_19)","decl":{"start":{"line":12,"column":2},"end":{"line":12,"column":15}},"loc":{"start":{"line":12,"column":33},"end":{"line":20,"column":null}}}},"branchMap":{"0":{"loc":{"start":{"line":13,"column":31},"end":{"line":13,"column":null}},"type":"switch","locations":[{"start":{"line":13,"column":31},"end":{"line":13,"column":null}}]},"1":{"loc":{"start":{"line":15,"column":4},"end":{"line":17,"column":null}},"type":"if","locations":[{"start":{"line":15,"column":4},"end":{"line":17,"column":null}},{"start":{"line":15,"column":4},"end":{"line":17,"column":null}}]}},"s":{"0":1,"1":1,"2":2,"3":1,"4":2,"5":2,"6":2,"7":1,"8":1,"9":1,"10":1,"11":1},"f":{"0":1,"1":2,"2":2},"b":{"0":[2],"1":[1,1]}}
,"/home/aquino/www/top-treino/src/modules/profiles/services/FindProfileByNameService.ts": {"path":"/home/aquino/www/top-treino/src/modules/profiles/services/FindProfileByNameService.ts","statementMap":{"0":{"start":{"line":1,"column":0},"end":{"line":1,"column":46}},"1":{"start":{"line":6,"column":0},"end":{"line":6,"column":21}},"2":{"start":{"line":9,"column":12},"end":{"line":9,"column":51}},"3":{"start":{"line":12,"column":15},"end":{"line":19,"column":null}},"4":{"start":{"line":13,"column":33},"end":{"line":13,"column":null}},"5":{"start":{"line":13,"column":10},"end":{"line":13,"column":null}},"6":{"start":{"line":15,"column":4},"end":{"line":17,"column":null}},"7":{"start":{"line":16,"column":6},"end":{"line":16,"column":75}},"8":{"start":{"line":18,"column":4},"end":{"line":18,"column":32}},"9":{"start":{"line":6,"column":21},"end":{"line":20,"column":null}},"10":{"start":{"line":20,"column":0},"end":{"line":20,"column":null}},"11":{"start":{"line":6,"column":21},"end":{"line":6,"column":null}}},"fnMap":{"0":{"name":"(anonymous_17)","decl":{"start":{"line":6,"column":0},"end":{"line":6,"column":21}},"loc":{"start":{"line":6,"column":0},"end":{"line":6,"column":21}}},"1":{"name":"FindProfileByNameService","decl":{"start":{"line":7,"column":2},"end":{"line":7,"column":null}},"loc":{"start":{"line":9,"column":51},"end":{"line":10,"column":7}}},"2":{"name":"(anonymous_19)","decl":{"start":{"line":12,"column":2},"end":{"line":12,"column":15}},"loc":{"start":{"line":12,"column":35},"end":{"line":19,"column":null}}}},"branchMap":{"0":{"loc":{"start":{"line":13,"column":33},"end":{"line":13,"column":null}},"type":"switch","locations":[{"start":{"line":13,"column":33},"end":{"line":13,"column":null}}]},"1":{"loc":{"start":{"line":15,"column":4},"end":{"line":17,"column":null}},"type":"if","locations":[{"start":{"line":15,"column":4},"end":{"line":17,"column":null}},{"start":{"line":15,"column":4},"end":{"line":17,"column":null}}]},"2":{"loc":{"start":{"line":15,"column":8},"end":{"line":15,"column":50}},"type":"binary-expr","locations":[{"start":{"line":15,"column":8},"end":{"line":15,"column":50}},{"start":{"line":15,"column":54},"end":{"line":15,"column":88}}]},"3":{"loc":{"start":{"line":15,"column":28},"end":{"line":15,"column":30}},"type":"cond-expr","locations":[{"start":{"line":15,"column":28},"end":{"line":15,"column":30}},{"start":{"line":15,"column":8},"end":{"line":15,"column":36}}]},"4":{"loc":{"start":{"line":15,"column":8},"end":{"line":15,"column":30}},"type":"binary-expr","locations":[{"start":{"line":15,"column":8},"end":{"line":15,"column":30}},{"start":{"line":15,"column":8},"end":{"line":15,"column":30}}]},"5":{"loc":{"start":{"line":15,"column":74},"end":{"line":15,"column":76}},"type":"cond-expr","locations":[{"start":{"line":15,"column":74},"end":{"line":15,"column":76}},{"start":{"line":15,"column":54},"end":{"line":15,"column":82}}]},"6":{"loc":{"start":{"line":15,"column":54},"end":{"line":15,"column":76}},"type":"binary-expr","locations":[{"start":{"line":15,"column":54},"end":{"line":15,"column":76}},{"start":{"line":15,"column":54},"end":{"line":15,"column":76}}]}},"s":{"0":1,"1":1,"2":2,"3":1,"4":2,"5":2,"6":2,"7":1,"8":1,"9":1,"10":1,"11":1},"f":{"0":1,"1":2,"2":2},"b":{"0":[2],"1":[1,1],"2":[2,2],"3":[0,2],"4":[2,2],"5":[0,2],"6":[2,2]}}
,"/home/aquino/www/top-treino/src/modules/profiles/services/ReturnAllProfilesService.ts": {"path":"/home/aquino/www/top-treino/src/modules/profiles/services/ReturnAllProfilesService.ts","statementMap":{"0":{"start":{"line":1,"column":0},"end":{"line":1,"column":46}},"1":{"start":{"line":6,"column":0},"end":{"line":6,"column":21}},"2":{"start":{"line":9,"column":16},"end":{"line":9,"column":55}},"3":{"start":{"line":12,"column":15},"end":{"line":19,"column":null}},"4":{"start":{"line":13,"column":20},"end":{"line":13,"column":null}},"5":{"start":{"line":13,"column":10},"end":{"line":13,"column":null}},"6":{"start":{"line":15,"column":4},"end":{"line":17,"column":null}},"7":{"start":{"line":16,"column":6},"end":{"line":16,"column":60}},"8":{"start":{"line":18,"column":4},"end":{"line":18,"column":19}},"9":{"start":{"line":6,"column":21},"end":{"line":20,"column":null}},"10":{"start":{"line":20,"column":0},"end":{"line":20,"column":null}},"11":{"start":{"line":6,"column":21},"end":{"line":6,"column":null}}},"fnMap":{"0":{"name":"(anonymous_17)","decl":{"start":{"line":6,"column":0},"end":{"line":6,"column":21}},"loc":{"start":{"line":6,"column":0},"end":{"line":6,"column":21}}},"1":{"name":"ReturnAllProfilesService","decl":{"start":{"line":7,"column":2},"end":{"line":7,"column":null}},"loc":{"start":{"line":9,"column":55},"end":{"line":10,"column":6}}},"2":{"name":"(anonymous_19)","decl":{"start":{"line":12,"column":2},"end":{"line":12,"column":15}},"loc":{"start":{"line":12,"column":2},"end":{"line":19,"column":null}}}},"branchMap":{"0":{"loc":{"start":{"line":13,"column":20},"end":{"line":13,"column":null}},"type":"switch","locations":[{"start":{"line":13,"column":20},"end":{"line":13,"column":null}}]},"1":{"loc":{"start":{"line":15,"column":4},"end":{"line":17,"column":null}},"type":"if","locations":[{"start":{"line":15,"column":4},"end":{"line":17,"column":null}},{"start":{"line":15,"column":4},"end":{"line":17,"column":null}}]},"2":{"loc":{"start":{"line":15,"column":8},"end":{"line":15,"column":37}},"type":"binary-expr","locations":[{"start":{"line":15,"column":8},"end":{"line":15,"column":37}},{"start":{"line":15,"column":41},"end":{"line":15,"column":62}}]},"3":{"loc":{"start":{"line":15,"column":15},"end":{"line":15,"column":17}},"type":"cond-expr","locations":[{"start":{"line":15,"column":15},"end":{"line":15,"column":17}},{"start":{"line":15,"column":8},"end":{"line":15,"column":23}}]},"4":{"loc":{"start":{"line":15,"column":8},"end":{"line":15,"column":17}},"type":"binary-expr","locations":[{"start":{"line":15,"column":8},"end":{"line":15,"column":17}},{"start":{"line":15,"column":8},"end":{"line":15,"column":17}}]},"5":{"loc":{"start":{"line":15,"column":48},"end":{"line":15,"column":50}},"type":"cond-expr","locations":[{"start":{"line":15,"column":48},"end":{"line":15,"column":50}},{"start":{"line":15,"column":41},"end":{"line":15,"column":56}}]},"6":{"loc":{"start":{"line":15,"column":41},"end":{"line":15,"column":50}},"type":"binary-expr","locations":[{"start":{"line":15,"column":41},"end":{"line":15,"column":50}},{"start":{"line":15,"column":41},"end":{"line":15,"column":50}}]}},"s":{"0":1,"1":1,"2":2,"3":1,"4":2,"5":2,"6":2,"7":1,"8":1,"9":1,"10":1,"11":1},"f":{"0":1,"1":2,"2":2},"b":{"0":[2],"1":[1,1],"2":[2,2],"3":[0,2],"4":[2,2],"5":[0,2],"6":[2,2]}}
,"/home/aquino/www/top-treino/src/shared/infra/typeorm/entities/BEntity.ts": {"path":"/home/aquino/www/top-treino/src/shared/infra/typeorm/entities/BEntity.ts","statementMap":{"0":{"start":{"line":1,"column":0},"end":{"line":1,"column":40}},"1":{"start":{"line":2,"column":0},"end":{"line":2,"column":34}},"2":{"start":{"line":4,"column":0},"end":{"line":4,"column":13}},"3":{"start":{"line":9,"column":6},"end":{"line":11,"column":null}},"4":{"start":{"line":10,"column":8},"end":{"line":10,"column":25}},"5":{"start":{"line":6,"column":4},"end":{"line":6,"column":null}},"6":{"start":{"line":13,"column":0},"end":{"line":13,"column":null}},"7":{"start":{"line":4,"column":13},"end":{"line":4,"column":20}}},"fnMap":{"0":{"name":"(anonymous_2)","decl":{"start":{"line":4,"column":0},"end":{"line":4,"column":13}},"loc":{"start":{"line":4,"column":0},"end":{"line":4,"column":13}}},"1":{"name":"BEntity","decl":{"start":{"line":8,"column":4},"end":{"line":8,"column":null}},"loc":{"start":{"line":8,"column":4},"end":{"line":12,"column":5}}}},"branchMap":{"0":{"loc":{"start":{"line":9,"column":6},"end":{"line":11,"column":null}},"type":"if","locations":[{"start":{"line":9,"column":6},"end":{"line":11,"column":null}},{"start":{"line":9,"column":6},"end":{"line":11,"column":null}}]}},"s":{"0":5,"1":5,"2":5,"3":6,"4":6,"5":5,"6":5,"7":5},"f":{"0":5,"1":6},"b":{"0":[6,0]}}
}
