TN:
SF:src/modules/profiles/infra/typeorm/entities/Profiles.entities.ts
FN:7,(anonymous_8)
FNF:1
FNH:1
FNDA:11,(anonymous_8)
DA:1,5
DA:4,5
DA:7,5
DA:9,5
DA:12,5
DA:15,5
DA:18,5
DA:19,5
LF:8
LH:8
BRF:0
BRH:0
end_of_record
TN:
SF:src/modules/profiles/repositories/fakes/FakesProfilesRepository.ts
FN:6,(anonymous_13)
FN:9,(anonymous_15)
FN:19,(anonymous_18)
FN:23,(anonymous_21)
FN:24,(anonymous_24)
FN:28,(anonymous_25)
FN:29,(anonymous_28)
FN:33,(anonymous_29)
FN:34,(anonymous_32)
FNF:9
FNH:9
FNDA:14,(anonymous_13)
FNDA:6,(anonymous_15)
FNDA:2,(anonymous_18)
FNDA:4,(anonymous_21)
FNDA:2,(anonymous_24)
FNDA:2,(anonymous_25)
FNDA:1,(anonymous_28)
FNDA:1,(anonymous_29)
FNDA:1,(anonymous_32)
DA:2,5
DA:3,5
DA:6,5
DA:7,9
DA:9,6
DA:10,6
DA:12,6
DA:14,6
DA:16,6
DA:19,5
DA:20,2
DA:23,5
DA:24,4
DA:25,4
DA:28,5
DA:29,2
DA:30,2
DA:33,5
DA:34,1
DA:36,1
DA:38,1
DA:40,5
LF:22
LH:22
BRF:0
BRH:0
end_of_record
TN:
SF:src/modules/profiles/services/CreateProfilesService.ts
FN:11,(anonymous_17)
FN:12,CreateProfilesService
FN:17,(anonymous_19)
FNF:3
FNH:3
FNDA:2,(anonymous_17)
FNDA:2,CreateProfilesService
FNDA:2,(anonymous_19)
DA:2,2
DA:11,2
DA:14,2
DA:17,2
DA:18,2
DA:22,2
DA:24,2
LF:7
LH:7
BRDA:18,0,0,2
BRF:1
BRH:1
end_of_record
TN:
SF:src/modules/profiles/services/DeleteProfilesService.ts
FN:12,(anonymous_17)
FN:13,DeleteProfilesService
FN:18,(anonymous_19)
FNF:3
FNH:3
FNDA:1,(anonymous_17)
FNDA:2,DeleteProfilesService
FNDA:2,(anonymous_19)
DA:2,1
DA:12,1
DA:15,2
DA:18,2
DA:19,2
DA:21,2
DA:22,1
DA:25,1
DA:26,1
DA:28,2
DA:30,1
DA:32,1
LF:12
LH:12
BRDA:19,0,0,2
BRDA:21,1,0,1
BRDA:21,1,1,1
BRF:3
BRH:3
end_of_record
TN:
SF:src/modules/profiles/services/FindOneProfileByIdService.ts
FN:6,(anonymous_17)
FN:7,FindOneProfileByIdService
FN:12,(anonymous_19)
FNF:3
FNH:3
FNDA:1,(anonymous_17)
FNDA:2,FindOneProfileByIdService
FNDA:2,(anonymous_19)
DA:1,1
DA:6,1
DA:9,2
DA:12,1
DA:13,2
DA:15,2
DA:16,1
DA:19,1
DA:21,1
LF:9
LH:9
BRDA:13,0,0,2
BRDA:15,1,0,1
BRDA:15,1,1,1
BRF:3
BRH:3
end_of_record
TN:
SF:src/modules/profiles/services/FindProfileByNameService.ts
FN:6,(anonymous_17)
FN:7,FindProfileByNameService
FN:12,(anonymous_19)
FNF:3
FNH:3
FNDA:1,(anonymous_17)
FNDA:2,FindProfileByNameService
FNDA:2,(anonymous_19)
DA:1,1
DA:6,1
DA:9,2
DA:12,1
DA:13,2
DA:15,2
DA:16,1
DA:18,1
DA:20,1
LF:9
LH:9
BRDA:13,0,0,2
BRDA:15,1,0,1
BRDA:15,1,1,1
BRDA:15,2,0,2
BRDA:15,2,1,2
BRDA:15,3,0,0
BRDA:15,3,1,2
BRDA:15,4,0,2
BRDA:15,4,1,2
BRDA:15,5,0,0
BRDA:15,5,1,2
BRDA:15,6,0,2
BRDA:15,6,1,2
BRF:13
BRH:11
end_of_record
TN:
SF:src/modules/profiles/services/ReturnAllProfilesService.ts
FN:6,(anonymous_17)
FN:7,ReturnAllProfilesService
FN:12,(anonymous_19)
FNF:3
FNH:3
FNDA:1,(anonymous_17)
FNDA:2,ReturnAllProfilesService
FNDA:2,(anonymous_19)
DA:1,1
DA:6,1
DA:9,2
DA:12,1
DA:13,2
DA:15,2
DA:16,1
DA:18,1
DA:20,1
LF:9
LH:9
BRDA:13,0,0,2
BRDA:15,1,0,1
BRDA:15,1,1,1
BRDA:15,2,0,2
BRDA:15,2,1,2
BRDA:15,3,0,0
BRDA:15,3,1,2
BRDA:15,4,0,2
BRDA:15,4,1,2
BRDA:15,5,0,0
BRDA:15,5,1,2
BRDA:15,6,0,2
BRDA:15,6,1,2
BRF:13
BRH:11
end_of_record
TN:
SF:src/shared/infra/typeorm/entities/BEntity.ts
FN:4,(anonymous_2)
FN:8,BEntity
FNF:2
FNH:2
FNDA:5,(anonymous_2)
FNDA:6,BEntity
DA:1,5
DA:2,5
DA:4,5
DA:6,5
DA:9,6
DA:10,6
DA:13,5
LF:7
LH:7
BRDA:9,0,0,6
BRDA:9,0,1,0
BRF:2
BRH:1
end_of_record
